This is pdfTeXk, Version 3.14159-1.10b (Web2C 7.4.5) (format=pdflatex 2004.12.8)  25 MAY 2012 17:02
 %&-line parsing enabled.
**jorgenh_thesis.tex
(./jorgenh_thesis.tex{/local/share/teTeX/texmf/pdftex/config/pdftex.cfg}
LaTeX2e <2001/06/01>
Babel <v3.7h> and hyphenation patterns for american, polish, loaded.
(/local/share/teTeX/texmf/tex/latex/base/book.cls
Document Class: book 2001/04/21 v1.4e Standard LaTeX document class
(/local/share/teTeX/texmf/tex/latex/base/bk12.clo
File: bk12.clo 2001/04/21 v1.4e Standard LaTeX file (size option)
)
\c@part=\count79
\c@chapter=\count80
\c@section=\count81
\c@subsection=\count82
\c@subsubsection=\count83
\c@paragraph=\count84
\c@subparagraph=\count85
\c@figure=\count86
\c@table=\count87
\abovecaptionskip=\skip41
\belowcaptionskip=\skip42
\bibindent=\dimen102
)
(/local/share/teTeX/texmf/tex/latex/base/inputenc.sty
Package: inputenc 2001/07/10 v0.99a Input encoding file 


! LaTeX Error: File `utf8.def' not found.

Type X to quit or <RETURN> to proceed,
or enter new name. (Default extension: def)

Enter file name: 
! Emergency stop.
<read *> 
         
l.118 \endinput
               ^^M
*** (cannot \read from terminal in nonstop modes)

 
Here is how much of TeX's memory you used:
 239 strings out of 95440
 2562 string characters out of 1190068
 46420 words of memory out of 1000001
 3309 multiletter control sequences out of 10000+50000
 3938 words of font info for 15 fonts, out of 500000 for 1000
 34 hyphenation exceptions out of 1000
 22i,0n,19p,145b,40s stack positions out of 1500i,500n,5000p,200000b,5000s
 0 PDF objects out of 300000
 0 named destinations out of 131072
 0 words of extra memory for PDF output out of 65536
No pages of output.
